
options
	corpus: conll2000
	task: chunking-bio
	graph: first-order-chain
	train algorithm: perceptron
	inference: factor-as-piece
	single pass: False
	train file: data/conll2000/conll2000.train
	devel file: data/conll2000/conll2000.devel
	devel prediction file: predictions/conll2000+chunking-bio+perceptron+factor-as-piece.devel.prediction
	test file: data/conll2000/conll2000.test
	test prediction file: predictions/conll2000+chunking-bio+perceptron+factor-as-piece.test.prediction
	test reference file: data/conll2000/conll2000.test.reference
	verbose: True

initialize model
done

train model
	preprocess
	train data size: 8042
	devel data size: 894
	number of features: 402935
	number of states per clique set: [24, 576]
	states: ['START', 'STOP', 'O', 'B-PP', 'B-NP', 'I-NP', 'B-VP', 'I-VP', 'B-ADVP', 'I-ADVP', 'B-SBAR', 'B-ADJP', 'I-ADJP', 'I-SBAR', 'I-PP', 'B-PRT', 'B-LST', 'B-CONJP', 'I-CONJP', 'B-INTJ', 'I-PRT', 'I-INTJ', 'B-UCP', 'I-UCP']
	number of parameters: 241761000

	train

	graph structure: first-order-chain
	train algorithm: averaged generalized perceptron
	inference algorithm (train): piecewise (factor-as-piece) inference
	inference algorithm (decoder): exact inference

	pass index 1, cpu time so far 80.0, f (devel) 92.47
	pass index 2, cpu time so far 159.2, f (devel) 92.98
	pass index 3, cpu time so far 237.5, f (devel) 93.33
	pass index 4, cpu time so far 315.3, f (devel) 93.47
	pass index 5, cpu time so far 393.5, f (devel) 93.54
	pass index 6, cpu time so far 472.0, f (devel) 93.59
	pass index 7, cpu time so far 549.7, f (devel) 93.65
	pass index 8, cpu time so far 627.1, f (devel) 93.65
	pass index 9, cpu time so far 704.5, f (devel) 93.81
	pass index 10, cpu time so far 782.0, f (devel) 93.83
	pass index 11, cpu time so far 859.6, f (devel) 93.92
	pass index 12, cpu time so far 937.0, f (devel) 93.92
	pass index 13, cpu time so far 1013.9, f (devel) 93.92
	pass index 14, cpu time so far 1091.2, f (devel) 93.86

	number of passes: 14.0
	number of updates: 112589.0

	pre (devel): 93.99
	rec (devel): 93.86
	f (devel): 93.92

	devel cpu time: 129.2
	train cpu time: 1091.2

done


apply model

	test set size: 2012

	pre (test): 93.55
	rec (test): 93.57
	f (test): 93.56

done

time consumed in total: 1294.66

