
options
	corpus: conll2000
	task: chunking-io
	graph: first-order-chain
	train algorithm: perceptron
	inference: pseudo
	single pass: False
	train file: data/conll2000/conll2000.train
	devel file: data/conll2000/conll2000.devel
	devel prediction file: predictions/conll2000+chunking-io+perceptron+pseudo.devel.prediction
	test file: data/conll2000/conll2000.test
	test prediction file: predictions/conll2000+chunking-io+perceptron+pseudo.test.prediction
	test reference file: data/conll2000/conll2000.test.reference
	verbose: True

initialize model
done

train model
	preprocess
	train data size: 8042
	devel data size: 894
	number of features: 402935
	number of states per clique set: [14, 196]
	states: ['START', 'STOP', 'O', 'PP', 'NP', 'VP', 'ADVP', 'SBAR', 'ADJP', 'PRT', 'LST', 'CONJP', 'INTJ', 'UCP']
	number of parameters: 84616350

	train

	graph structure: first-order-chain
	train algorithm: averaged generalized perceptron
	inference algorithm (train): pseudo inference
	inference algorithm (decoder): exact inference

	pass index 1, cpu time so far 33.9, f (devel) 92.31
	pass index 2, cpu time so far 67.0, f (devel) 92.93
	pass index 3, cpu time so far 99.7, f (devel) 93.01
	pass index 4, cpu time so far 132.3, f (devel) 92.98

	number of passes: 4.0
	number of updates: 32169.0

	pre (devel): 92.95
	rec (devel): 93.07
	f (devel): 93.01

	devel cpu time: 17.1
	train cpu time: 132.3

done


apply model

	test set size: 2012

	pre (test): 93.22
	rec (test): 93.36
	f (test): 93.29

done

time consumed in total: 187.49

