
options
	corpus: conll2000
	task: chunking-bio
	graph: non-structured-chain
	train algorithm: perceptron
	inference: non-structured
	single pass: False
	train file: data/conll2000/conll2000.train
	devel file: data/conll2000/conll2000.devel
	devel prediction file: predictions/conll2000+chunking-bio+perceptron+non-structured.devel.prediction
	test file: data/conll2000/conll2000.test
	test prediction file: predictions/conll2000+chunking-bio+perceptron+non-structured.test.prediction
	test reference file: data/conll2000/conll2000.test.reference
	verbose: True

initialize model
done

train model
	preprocess
	train data size: 8042
	devel data size: 894
	number of features: 402935
	number of states per clique set: [24]
	states: ['START', 'STOP', 'O', 'B-PP', 'B-NP', 'I-NP', 'B-VP', 'I-VP', 'B-ADVP', 'I-ADVP', 'B-SBAR', 'B-ADJP', 'I-ADJP', 'I-SBAR', 'I-PP', 'B-PRT', 'B-LST', 'B-CONJP', 'I-CONJP', 'B-INTJ', 'I-PRT', 'I-INTJ', 'B-UCP', 'I-UCP']
	number of parameters: 9670440

	train

	graph structure: non-structured-chain
	train algorithm: averaged generalized perceptron
	inference algorithm (train): nonstructured inference
	inference algorithm (decoder): nonstructured inference

	pass index 1, cpu time so far 8.6, f (devel) 91.45
	pass index 2, cpu time so far 16.8, f (devel) 92.10
	pass index 3, cpu time so far 24.8, f (devel) 92.34
	pass index 4, cpu time so far 32.6, f (devel) 92.49
	pass index 5, cpu time so far 40.3, f (devel) 92.53
	pass index 6, cpu time so far 48.0, f (devel) 92.81
	pass index 7, cpu time so far 55.6, f (devel) 92.81

	number of passes: 7.0
	number of updates: 56295.0

	pre (devel): 92.69
	rec (devel): 92.94
	f (devel): 92.81

	devel cpu time: 7.5
	train cpu time: 55.6

done


apply model

	test set size: 2012

	pre (test): 92.13
	rec (test): 92.53
	f (test): 92.33

done

time consumed in total: 90.06

