
options
	corpus: conll2000
	task: chunking-io
	graph: non-structured-chain
	train algorithm: perceptron
	inference: non-structured
	single pass: False
	train file: data/conll2000/conll2000.train
	devel file: data/conll2000/conll2000.devel
	devel prediction file: predictions/conll2000+chunking-io+perceptron+non-structured.devel.prediction
	test file: data/conll2000/conll2000.test
	test prediction file: predictions/conll2000+chunking-io+perceptron+non-structured.test.prediction
	test reference file: data/conll2000/conll2000.test.reference
	verbose: True

initialize model
done

train model
	preprocess
	train data size: 8042
	devel data size: 894
	number of features: 402935
	number of states per clique set: [14]
	states: ['START', 'STOP', 'O', 'PP', 'NP', 'VP', 'ADVP', 'SBAR', 'ADJP', 'PRT', 'LST', 'CONJP', 'INTJ', 'UCP']
	number of parameters: 5641090

	train

	graph structure: non-structured-chain
	train algorithm: averaged generalized perceptron
	inference algorithm (train): nonstructured inference
	inference algorithm (decoder): nonstructured inference

	pass index 1, cpu time so far 7.1, f (devel) 92.08
	pass index 2, cpu time so far 14.0, f (devel) 92.77
	pass index 3, cpu time so far 20.8, f (devel) 92.83
	pass index 4, cpu time so far 27.4, f (devel) 92.80

	number of passes: 4.0
	number of updates: 32169.0

	pre (devel): 92.41
	rec (devel): 93.26
	f (devel): 92.83

	devel cpu time: 3.8
	train cpu time: 27.4

done


apply model

	test set size: 2012

	pre (test): 92.71
	rec (test): 93.44
	f (test): 93.07

done

time consumed in total: 57.46

