
options
	corpus: conll2000
	task: chunking-bio
	graph: first-order-chain
	train algorithm: perceptron
	inference: pseudo
	single pass: False
	train file: data/conll2000/conll2000.train
	devel file: data/conll2000/conll2000.devel
	devel prediction file: predictions/conll2000+chunking-bio+perceptron+pseudo.devel.prediction
	test file: data/conll2000/conll2000.test
	test prediction file: predictions/conll2000+chunking-bio+perceptron+pseudo.test.prediction
	test reference file: data/conll2000/conll2000.test.reference
	verbose: True

initialize model
done

train model
	preprocess
	train data size: 8042
	devel data size: 894
	number of features: 402935
	number of states per clique set: [24, 576]
	states: ['START', 'STOP', 'O', 'B-PP', 'B-NP', 'I-NP', 'B-VP', 'I-VP', 'B-ADVP', 'I-ADVP', 'B-SBAR', 'B-ADJP', 'I-ADJP', 'I-SBAR', 'I-PP', 'B-PRT', 'B-LST', 'B-CONJP', 'I-CONJP', 'B-INTJ', 'I-PRT', 'I-INTJ', 'B-UCP', 'I-UCP']
	number of parameters: 241761000

	train

	graph structure: first-order-chain
	train algorithm: averaged generalized perceptron
	inference algorithm (train): pseudo inference
	inference algorithm (decoder): exact inference

	pass index 1, cpu time so far 39.4, f (devel) 88.89
	pass index 2, cpu time so far 78.0, f (devel) 89.09
	pass index 3, cpu time so far 116.3, f (devel) 89.06

	number of passes: 3.0
	number of updates: 24127.0

	pre (devel): 89.29
	rec (devel): 88.88
	f (devel): 89.09

	devel cpu time: 27.0
	train cpu time: 116.3

done


apply model

	test set size: 2012

	pre (test): 88.75
	rec (test): 88.57
	f (test): 88.66

done

time consumed in total: 195.16

