
options
	corpus: conll2000
	task: chunking-bio
	graph: first-order-chain
	train algorithm: perceptron
	inference: factor-as-piece-pseudo
	single pass: False
	train file: data/conll2000/conll2000.train
	devel file: data/conll2000/conll2000.devel
	devel prediction file: predictions/conll2000+chunking-bio+perceptron+factor-as-piece-pseudo.devel.prediction
	test file: data/conll2000/conll2000.test
	test prediction file: predictions/conll2000+chunking-bio+perceptron+factor-as-piece-pseudo.test.prediction
	test reference file: data/conll2000/conll2000.test.reference
	verbose: True

initialize model
done

train model
	preprocess
	train data size: 8042
	devel data size: 894
	number of features: 402935
	number of states per clique set: [24, 576]
	states: ['START', 'STOP', 'O', 'B-PP', 'B-NP', 'I-NP', 'B-VP', 'I-VP', 'B-ADVP', 'I-ADVP', 'B-SBAR', 'B-ADJP', 'I-ADJP', 'I-SBAR', 'I-PP', 'B-PRT', 'B-LST', 'B-CONJP', 'I-CONJP', 'B-INTJ', 'I-PRT', 'I-INTJ', 'B-UCP', 'I-UCP']
	number of parameters: 241761000

	train

	graph structure: first-order-chain
	train algorithm: averaged generalized perceptron
	inference algorithm (train): piecewise-pseudo (factor-as-piece) inference
	inference algorithm (decoder): exact inference

	pass index 1, cpu time so far 38.4, f (devel) 91.97
	pass index 2, cpu time so far 75.6, f (devel) 92.40
	pass index 3, cpu time so far 112.4, f (devel) 92.74
	pass index 4, cpu time so far 148.9, f (devel) 92.93
	pass index 5, cpu time so far 185.3, f (devel) 92.96
	pass index 6, cpu time so far 222.0, f (devel) 92.94

	number of passes: 6.0
	number of updates: 48253.0

	pre (devel): 93.73
	rec (devel): 92.21
	f (devel): 92.96

	devel cpu time: 54.6
	train cpu time: 222.0

done


apply model

	test set size: 2012

	pre (test): 93.74
	rec (test): 92.42
	f (test): 93.08

done

time consumed in total: 335.64

