
options
	corpus: conll2000
	task: chunking-io
	graph: first-order-chain
	train algorithm: perceptron
	inference: factor-as-piece
	single pass: False
	train file: data/conll2000/conll2000.train
	devel file: data/conll2000/conll2000.devel
	devel prediction file: predictions/conll2000+chunking-io+perceptron+factor-as-piece.devel.prediction
	test file: data/conll2000/conll2000.test
	test prediction file: predictions/conll2000+chunking-io+perceptron+factor-as-piece.test.prediction
	test reference file: data/conll2000/conll2000.test.reference
	verbose: True

initialize model
done

train model
	preprocess
	train data size: 8042
	devel data size: 894
	number of features: 402935
	number of states per clique set: [14, 196]
	states: ['START', 'STOP', 'O', 'PP', 'NP', 'VP', 'ADVP', 'SBAR', 'ADJP', 'PRT', 'LST', 'CONJP', 'INTJ', 'UCP']
	number of parameters: 84616350

	train

	graph structure: first-order-chain
	train algorithm: averaged generalized perceptron
	inference algorithm (train): piecewise (factor-as-piece) inference
	inference algorithm (decoder): exact inference

	pass index 1, cpu time so far 36.6, f (devel) 92.79
	pass index 2, cpu time so far 72.8, f (devel) 93.32
	pass index 3, cpu time so far 108.7, f (devel) 93.43
	pass index 4, cpu time so far 144.3, f (devel) 93.58
	pass index 5, cpu time so far 178.0, f (devel) 93.69
	pass index 6, cpu time so far 211.3, f (devel) 93.75
	pass index 7, cpu time so far 244.8, f (devel) 93.81
	pass index 8, cpu time so far 278.7, f (devel) 93.83
	pass index 9, cpu time so far 311.9, f (devel) 93.80

	number of passes: 9.0
	number of updates: 72379.0

	pre (devel): 93.66
	rec (devel): 94.00
	f (devel): 93.83

	devel cpu time: 38.7
	train cpu time: 311.9

done


apply model

	test set size: 2012

	pre (test): 93.61
	rec (test): 93.91
	f (test): 93.76

done

time consumed in total: 392.71

