
options
	corpus: conll2000
	task: chunking-io
	graph: first-order-chain
	train algorithm: perceptron
	inference: exact
	single pass: False
	train file: data/conll2000/conll2000.train
	devel file: data/conll2000/conll2000.devel
	devel prediction file: predictions/conll2000+chunking-io+perceptron+exact.devel.prediction
	test file: data/conll2000/conll2000.test
	test prediction file: predictions/conll2000+chunking-io+perceptron+exact.test.prediction
	test reference file: data/conll2000/conll2000.test.reference
	verbose: True

initialize model
done

train model
	preprocess
	train data size: 8042
	devel data size: 894
	number of features: 402935
	number of states per clique set: [14, 196]
	states: ['START', 'STOP', 'O', 'PP', 'NP', 'VP', 'ADVP', 'SBAR', 'ADJP', 'PRT', 'LST', 'CONJP', 'INTJ', 'UCP']
	number of parameters: 84616350

	train

	graph structure: first-order-chain
	train algorithm: averaged generalized perceptron
	inference algorithm (train): exact inference
	inference algorithm (decoder): exact inference

	pass index 1, cpu time so far 39.4, f (devel) 92.62
	pass index 2, cpu time so far 77.8, f (devel) 93.15
	pass index 3, cpu time so far 115.6, f (devel) 93.54
	pass index 4, cpu time so far 153.3, f (devel) 93.72
	pass index 5, cpu time so far 190.8, f (devel) 93.68

	number of passes: 5.0
	number of updates: 40211.0

	pre (devel): 93.62
	rec (devel): 93.82
	f (devel): 93.72

	devel cpu time: 21.6
	train cpu time: 190.8

done


apply model

	test set size: 2012

	pre (test): 93.66
	rec (test): 93.71
	f (test): 93.68

done

time consumed in total: 251.24

