
options
	corpus: conll2000
	task: chunking-io
	graph: first-order-chain
	train algorithm: perceptron
	inference: factor-as-piece-pseudo
	single pass: False
	train file: data/conll2000/conll2000.train
	devel file: data/conll2000/conll2000.devel
	devel prediction file: predictions/conll2000+chunking-io+perceptron+factor-as-piece-pseudo.devel.prediction
	test file: data/conll2000/conll2000.test
	test prediction file: predictions/conll2000+chunking-io+perceptron+factor-as-piece-pseudo.test.prediction
	test reference file: data/conll2000/conll2000.test.reference
	verbose: True

initialize model
done

train model
	preprocess
	train data size: 8042
	devel data size: 894
	number of features: 402935
	number of states per clique set: [14, 196]
	states: ['START', 'STOP', 'O', 'PP', 'NP', 'VP', 'ADVP', 'SBAR', 'ADJP', 'PRT', 'LST', 'CONJP', 'INTJ', 'UCP']
	number of parameters: 84616350

	train

	graph structure: first-order-chain
	train algorithm: averaged generalized perceptron
	inference algorithm (train): piecewise-pseudo (factor-as-piece) inference
	inference algorithm (decoder): exact inference

	pass index 1, cpu time so far 31.9, f (devel) 92.69
	pass index 2, cpu time so far 62.7, f (devel) 93.24
	pass index 3, cpu time so far 93.1, f (devel) 93.44
	pass index 4, cpu time so far 123.4, f (devel) 93.55
	pass index 5, cpu time so far 153.5, f (devel) 93.68
	pass index 6, cpu time so far 183.5, f (devel) 93.69
	pass index 7, cpu time so far 213.4, f (devel) 93.69
	pass index 8, cpu time so far 243.3, f (devel) 93.76
	pass index 9, cpu time so far 273.1, f (devel) 93.80
	pass index 10, cpu time so far 303.0, f (devel) 93.83
	pass index 11, cpu time so far 332.8, f (devel) 93.83

	number of passes: 11.0
	number of updates: 88463.0

	pre (devel): 93.71
	rec (devel): 93.95
	f (devel): 93.83

	devel cpu time: 46.1
	train cpu time: 332.8

done


apply model

	test set size: 2012

	pre (test): 93.79
	rec (test): 93.92
	f (test): 93.85

done

time consumed in total: 421.44

