
options
	corpus: geniatb
	task: joint-tagging-and-chunking-io
	graph: first-order-chain
	train algorithm: perceptron
	inference: pseudo
	single pass: False
	train file: data/geniatb/geniatb.train
	devel file: data/geniatb/geniatb.devel
	devel prediction file: predictions/geniatb+joint-tagging-and-chunking-io+perceptron+pseudo.devel.prediction
	test file: data/geniatb/geniatb.test
	test prediction file: predictions/geniatb+joint-tagging-and-chunking-io+perceptron+pseudo.test.prediction
	test reference file: data/geniatb/geniatb.test.reference
	verbose: True

initialize model
done

train model
	preprocess
	train data size: 14326
	devel data size: 1361
	number of features: 561253
	number of states per clique set: [82, 6724]
	states: ['START', 'STOP', 'START START', 'JJ NP', 'NNS NP', 'VBP O', 'VBN O', 'IN O', 'NN NP', '. O', 'STOP STOP', 'DT NP', 'JJ O', 'CD NP', 'CC O', 'TO O', 'DT O', '-LRB- O', '-RRB- O', ', O', 'PRP NP', 'NN O', 'WDT O', 'VBZ O', 'VBG O', 'MD O', 'VB O', 'VBN NP', 'NNS O', 'RB NP', 'RB O', 'WP$ O', 'WP O', 'VBD O', 'CC NP', 'CD O', 'PRP$ O', 'JJS O', ', NP', 'PRP$ NP', 'VBG NP', 'JJR NP', 'PRP O', 'WRB O', 'FW O', ': O', 'FW NP', 'EX NP', 'IN NP', 'JJS NP', 'LS O', 'JJR O', 'NNP NP', 'TO NP', '-LRB- NP', '-RRB- NP', '`` NP', 'POS NP', 'RP O', 'RBR O', 'RBS O', ': NP', 'PDT NP', 'POS O', "'' NP", 'VBD NP', 'RBS NP', 'RBR NP', 'VBZ NP', 'VBP NP', 'PDT O', '`` O', "'' O", 'VB NP', 'NNPS NP', 'LS NP', '. NP', 'WDT NP', 'SYM O', 'RP NP', 'WRB NP', 'NN_http://transfac.gbf.de/dbsearch/funsitep/s NP']
	number of parameters: 3819887918

	train

	graph structure: first-order-chain
	train algorithm: averaged generalized perceptron
	inference algorithm (train): pseudo inference
	inference algorithm (decoder): exact inference

	pass index 1, cpu time so far 161.4, (f+acc)/2 (devel) 90.10
	pass index 2, cpu time so far 319.7, (f+acc)/2 (devel) 90.30
	pass index 3, cpu time so far 477.1, (f+acc)/2 (devel) 90.46
	pass index 4, cpu time so far 634.3, (f+acc)/2 (devel) 90.47
	pass index 5, cpu time so far 788.3, (f+acc)/2 (devel) 90.47

	number of passes: 5.0
	number of updates: 71631.0

	pre (devel): 82.40
	rec (devel): 82.72
	f (devel): 82.56
	acc (devel): 98.39

	devel cpu time: 1157.0
	train cpu time: 788.3

done


apply model

	test set size: 1360

	pre (test): 81.60
	rec (test): 81.84
	f (test): 81.72
	acc (test): 98.17

done

time consumed in total: 2514.54

