
options
	corpus: geniatb
	task: tagging-and-chunking-io
	graph: two-level-grid
	train algorithm: perceptron
	inference: lbp
	single pass: False
	train file: data/geniatb/geniatb.train
	devel file: data/geniatb/geniatb.devel
	devel prediction file: predictions/geniatb+tagging-and-chunking-io+perceptron+lbp.devel.prediction
	test file: data/geniatb/geniatb.test
	test prediction file: predictions/geniatb+tagging-and-chunking-io+perceptron+lbp.test.prediction
	test reference file: data/geniatb/geniatb.test.reference
	verbose: True

initialize model
done

train model
	preprocess
	train data size: 14326
	devel data size: 1361
	number of features: 561253
	number of states per clique set: [45, 4, 180, 2025, 16]
	states: ['START', 'STOP', 'JJ', 'NNS', 'VBP', 'VBN', 'IN', 'NN', '.', 'DT', 'CD', 'CC', 'TO', '-LRB-', '-RRB-', ',', 'PRP', 'WDT', 'VBZ', 'VBG', 'MD', 'VB', 'RB', 'WP$', 'WP', 'VBD', 'PRP$', 'JJS', 'JJR', 'WRB', 'FW', ':', 'EX', 'LS', 'NNP', '``', 'POS', 'RP', 'RBR', 'RBS', 'PDT', "''", 'NNPS', 'SYM', 'NN_http://transfac.gbf.de/dbsearch/funsitep/s']
	states: ['START', 'STOP', 'NP', 'O']
	number of parameters: 1274044310

	train

	graph structure: two-level-grid
	train algorithm: averaged generalized perceptron
	inference algorithm (train): loopy belief propagation inference
	inference algorithm (decoder): loopy belief propagation inference

	pass index 1, cpu time so far 1125.6, (f+acc)/2 (devel) 90.44
	pass index 2, cpu time so far 2222.0, (f+acc)/2 (devel) 90.63
	pass index 3, cpu time so far 3300.6, (f+acc)/2 (devel) 90.75
	pass index 4, cpu time so far 4372.1, (f+acc)/2 (devel) 90.81
	pass index 5, cpu time so far 5439.6, (f+acc)/2 (devel) 90.84
	pass index 6, cpu time so far 6504.7, (f+acc)/2 (devel) 90.86
	pass index 7, cpu time so far 7570.2, (f+acc)/2 (devel) 90.86

	number of passes: 7.0
	number of updates: 100283.0

	pre (devel): 82.56
	rec (devel): 83.56
	f (devel): 83.06
	acc (devel): 98.67

	devel cpu time: 708.3
	train cpu time: 7570.2

done


apply model

	test set size: 1360

	pre (test): 81.54
	rec (test): 82.47
	f (test): 82.00
	acc (test): 98.35

done

time consumed in total: 8588.19

