
options
	corpus: geniatb
	task: tagging-and-chunking-io
	graph: two-level-grid
	train algorithm: perceptron
	inference: pseudo
	single pass: False
	train file: data/geniatb/geniatb.train
	devel file: data/geniatb/geniatb.devel
	devel prediction file: predictions/geniatb+tagging-and-chunking-io+perceptron+pseudo.devel.prediction
	test file: data/geniatb/geniatb.test
	test prediction file: predictions/geniatb+tagging-and-chunking-io+perceptron+pseudo.test.prediction
	test reference file: data/geniatb/geniatb.test.reference
	verbose: True

initialize model
done

train model
	preprocess
	train data size: 14326
	devel data size: 1361
	number of features: 561253
	number of states per clique set: [45, 4, 180, 2025, 16]
	states: ['START', 'STOP', 'JJ', 'NNS', 'VBP', 'VBN', 'IN', 'NN', '.', 'DT', 'CD', 'CC', 'TO', '-LRB-', '-RRB-', ',', 'PRP', 'WDT', 'VBZ', 'VBG', 'MD', 'VB', 'RB', 'WP$', 'WP', 'VBD', 'PRP$', 'JJS', 'JJR', 'WRB', 'FW', ':', 'EX', 'LS', 'NNP', '``', 'POS', 'RP', 'RBR', 'RBS', 'PDT', "''", 'NNPS', 'SYM', 'NN_http://transfac.gbf.de/dbsearch/funsitep/s']
	states: ['START', 'STOP', 'NP', 'O']
	number of parameters: 1274044310

	train

	graph structure: two-level-grid
	train algorithm: averaged generalized perceptron
	inference algorithm (train): pseudo inference
	inference algorithm (decoder): loopy belief propagation inference

	pass index 1, cpu time so far 230.5, (f+acc)/2 (devel) 87.65
	pass index 2, cpu time so far 455.2, (f+acc)/2 (devel) 88.61
	pass index 3, cpu time so far 672.6, (f+acc)/2 (devel) 88.92
	pass index 4, cpu time so far 888.9, (f+acc)/2 (devel) 88.98
	pass index 5, cpu time so far 1103.7, (f+acc)/2 (devel) 89.05
	pass index 6, cpu time so far 1317.3, (f+acc)/2 (devel) 89.13
	pass index 7, cpu time so far 1531.3, (f+acc)/2 (devel) 89.10

	number of passes: 7.0
	number of updates: 100283.0

	pre (devel): 80.44
	rec (devel): 80.28
	f (devel): 80.36
	acc (devel): 97.90

	devel cpu time: 787.4
	train cpu time: 1531.3

done


apply model

	test set size: 1360

	pre (test): 79.23
	rec (test): 78.48
	f (test): 78.86
	acc (test): 97.46

done

time consumed in total: 2637.73

