
options
	corpus: geniatb
	task: joint-tagging-and-chunking-io
	graph: first-order-chain
	train algorithm: perceptron
	inference: exact
	single pass: False
	train file: data/geniatb/geniatb.train
	devel file: data/geniatb/geniatb.devel
	devel prediction file: predictions/geniatb+joint-tagging-and-chunking-io+perceptron+exact.devel.prediction
	test file: data/geniatb/geniatb.test
	test prediction file: predictions/geniatb+joint-tagging-and-chunking-io+perceptron+exact.test.prediction
	test reference file: data/geniatb/geniatb.test.reference
	verbose: True

initialize model
done

train model
	preprocess
	train data size: 14326
	devel data size: 1361
	number of features: 561253
	number of states per clique set: [82, 6724]
	states: ['START', 'STOP', 'START START', 'JJ NP', 'NNS NP', 'VBP O', 'VBN O', 'IN O', 'NN NP', '. O', 'STOP STOP', 'DT NP', 'JJ O', 'CD NP', 'CC O', 'TO O', 'DT O', '-LRB- O', '-RRB- O', ', O', 'PRP NP', 'NN O', 'WDT O', 'VBZ O', 'VBG O', 'MD O', 'VB O', 'VBN NP', 'NNS O', 'RB NP', 'RB O', 'WP$ O', 'WP O', 'VBD O', 'CC NP', 'CD O', 'PRP$ O', 'JJS O', ', NP', 'PRP$ NP', 'VBG NP', 'JJR NP', 'PRP O', 'WRB O', 'FW O', ': O', 'FW NP', 'EX NP', 'IN NP', 'JJS NP', 'LS O', 'JJR O', 'NNP NP', 'TO NP', '-LRB- NP', '-RRB- NP', '`` NP', 'POS NP', 'RP O', 'RBR O', 'RBS O', ': NP', 'PDT NP', 'POS O', "'' NP", 'VBD NP', 'RBS NP', 'RBR NP', 'VBZ NP', 'VBP NP', 'PDT O', '`` O', "'' O", 'VB NP', 'NNPS NP', 'LS NP', '. NP', 'WDT NP', 'SYM O', 'RP NP', 'WRB NP', 'NN_http://transfac.gbf.de/dbsearch/funsitep/s NP']
	number of parameters: 3819887918

	train

	graph structure: first-order-chain
	train algorithm: averaged generalized perceptron
	inference algorithm (train): exact inference
	inference algorithm (decoder): exact inference

	pass index 1, cpu time so far 2112.8, (f+acc)/2 (devel) 90.28
	pass index 2, cpu time so far 4167.2, (f+acc)/2 (devel) 90.73
	pass index 3, cpu time so far 6207.0, (f+acc)/2 (devel) 90.73
	pass index 4, cpu time so far 8248.9, (f+acc)/2 (devel) 90.79
	pass index 5, cpu time so far 10290.8, (f+acc)/2 (devel) 90.80
	pass index 6, cpu time so far 12309.0, (f+acc)/2 (devel) 90.78

	number of passes: 6.0
	number of updates: 85957.0

	pre (devel): 82.72
	rec (devel): 83.33
	f (devel): 83.02
	acc (devel): 98.57

	devel cpu time: 1133.0
	train cpu time: 12309.0

done


apply model

	test set size: 1360

	pre (test): 82.01
	rec (test): 82.48
	f (test): 82.24
	acc (test): 98.31

done

time consumed in total: 14006.54

