
options
	corpus: geniatb
	task: tagging-and-chunking-io
	graph: two-level-X-grid
	train algorithm: perceptron
	inference: lbp
	single pass: False
	train file: data/geniatb/geniatb.train
	devel file: data/geniatb/geniatb.devel
	devel prediction file: predictions/geniatb+tagging-and-chunking-io+perceptron+lbp.devel.prediction
	test file: data/geniatb/geniatb.test
	test prediction file: predictions/geniatb+tagging-and-chunking-io+perceptron+lbp.test.prediction
	test reference file: data/geniatb/geniatb.test.reference
	verbose: True

initialize model
done

train model
	preprocess
	train data size: 14326
	devel data size: 1361
	number of features: 600471
	number of states per clique set: [45, 4, 180, 180, 180, 2025, 16]
	states: ['START', 'STOP', 'JJ', 'NNS', 'VBP', 'VBN', 'IN', 'NN', '.', 'DT', 'CD', 'CC', 'TO', '-LRB-', '-RRB-', ',', 'PRP', 'WDT', 'VBZ', 'VBG', 'MD', 'VB', 'RB', 'WP$', 'WP', 'VBD', 'PRP$', 'JJS', 'JJR', 'WRB', 'FW', ':', 'EX', 'LS', 'NNP', '``', 'POS', 'RP', 'RBR', 'RBS', 'PDT', "''", 'NNPS', 'SYM', 'NN_http://transfac.gbf.de/dbsearch/funsitep/s']
	states: ['START', 'STOP', 'NP', 'O']
	number of parameters: 1579238730

	train

	graph structure: two-level-X-grid
	train algorithm: averaged generalized perceptron
	inference algorithm (train): loopy belief propagation inference
	inference algorithm (decoder): loopy belief propagation inference

	pass index 1, cpu time so far 2898.5, (f+acc)/2 (devel) 90.28
	pass index 2, cpu time so far 5285.4, (f+acc)/2 (devel) 90.51
	pass index 3, cpu time so far 7559.2, (f+acc)/2 (devel) 90.55
	pass index 4, cpu time so far 9806.8, (f+acc)/2 (devel) 90.66
	pass index 5, cpu time so far 12027.3, (f+acc)/2 (devel) 90.66

	number of passes: 5.0
	number of updates: 71631.0

	pre (devel): 82.36
	rec (devel): 83.18
	f (devel): 82.77
	acc (devel): 98.55

	devel cpu time: 1037.1
	train cpu time: 12027.3

done


apply model

	test set size: 1360

	pre (test): 81.84
	rec (test): 82.46
	f (test): 82.15
	acc (test): 98.34

done

time consumed in total: 13617.35

