
options
	corpus: geniatb
	task: chunking-bio
	graph: first-order-chain
	train algorithm: perceptron
	inference: exact
	single pass: False
	train file: data/geniatb/geniatb.train
	devel file: data/geniatb/geniatb.devel
	devel prediction file: predictions/geniatb+chunking-bio+perceptron+exact.devel.prediction
	test file: data/geniatb/geniatb.test
	test prediction file: predictions/geniatb+chunking-bio+perceptron+exact.test.prediction
	test reference file: data/geniatb/geniatb.test.reference
	verbose: True

initialize model
done

train model
	preprocess
	train data size: 14326
	devel data size: 1361
	number of features: 561253
	number of states per clique set: [5, 25]
	states: ['START', 'STOP', 'B-NP', 'I-NP', 'O']
	number of parameters: 16837590

	train

	graph structure: first-order-chain
	train algorithm: averaged generalized perceptron
	inference algorithm (train): exact inference
	inference algorithm (decoder): exact inference

	pass index 1, cpu time so far 39.2, f (devel) 79.11
	pass index 2, cpu time so far 76.0, f (devel) 79.73
	pass index 3, cpu time so far 112.0, f (devel) 79.99
	pass index 4, cpu time so far 147.2, f (devel) 80.00
	pass index 5, cpu time so far 182.0, f (devel) 80.16
	pass index 6, cpu time so far 216.4, f (devel) 80.23
	pass index 7, cpu time so far 250.5, f (devel) 80.19

	number of passes: 7.0
	number of updates: 100283.0

	pre (devel): 80.69
	rec (devel): 79.78
	f (devel): 80.23

	devel cpu time: 24.1
	train cpu time: 250.5

done


apply model

	test set size: 1360

	pre (test): 79.65
	rec (test): 78.33
	f (test): 78.99

done

time consumed in total: 364.42

