
options
	corpus: geniatb
	task: tagging
	graph: first-order-chain
	train algorithm: perceptron
	inference: exact
	single pass: False
	train file: data/geniatb/geniatb.train
	devel file: data/geniatb/geniatb.devel
	devel prediction file: predictions/geniatb+tagging+perceptron+exact.devel.prediction
	test file: data/geniatb/geniatb.test
	test prediction file: predictions/geniatb+tagging+perceptron+exact.test.prediction
	test reference file: data/geniatb/geniatb.test.reference
	verbose: True

initialize model
done

train model
	preprocess
	train data size: 14326
	devel data size: 1361
	number of features: 561253
	number of states per clique set: [45, 2025]
	states: ['START', 'STOP', 'JJ', 'NNS', 'VBP', 'VBN', 'IN', 'NN', '.', 'DT', 'CD', 'CC', 'TO', '-LRB-', '-RRB-', ',', 'PRP', 'WDT', 'VBZ', 'VBG', 'MD', 'VB', 'RB', 'WP$', 'WP', 'VBD', 'PRP$', 'JJS', 'JJR', 'WRB', 'FW', ':', 'EX', 'LS', 'NNP', '``', 'POS', 'RP', 'RBR', 'RBS', 'PDT', "''", 'NNPS', 'SYM', 'NN_http://transfac.gbf.de/dbsearch/funsitep/s']
	number of parameters: 1161793710

	train

	graph structure: first-order-chain
	train algorithm: averaged generalized perceptron
	inference algorithm (train): exact inference
	inference algorithm (decoder): exact inference

	pass index 1, cpu time so far 523.9, acc (devel) 98.26
	pass index 2, cpu time so far 1045.8, acc (devel) 98.52
	pass index 3, cpu time so far 1553.5, acc (devel) 98.54
	pass index 4, cpu time so far 2055.7, acc (devel) 98.57
	pass index 5, cpu time so far 2557.2, acc (devel) 98.59
	pass index 6, cpu time so far 3057.6, acc (devel) 98.59

	number of passes: 6.0
	number of updates: 85957.0

	acc (devel): 98.59

	devel cpu time: 284.5
	train cpu time: 3057.6

done


apply model

	test set size: 1360

	acc (test): 98.37

done

time consumed in total: 3541.78

