
options
	corpus: geniatb
	task: tagging-and-chunking-io
	graph: two-level-X-grid
	train algorithm: perceptron
	inference: factor-as-piece-pseudo
	single pass: False
	train file: data/geniatb/geniatb.train
	devel file: data/geniatb/geniatb.devel
	devel prediction file: predictions/geniatb+tagging-and-chunking-io+perceptron+factor-as-piece-pseudo.devel.prediction
	test file: data/geniatb/geniatb.test
	test prediction file: predictions/geniatb+tagging-and-chunking-io+perceptron+factor-as-piece-pseudo.test.prediction
	test reference file: data/geniatb/geniatb.test.reference
	verbose: True

initialize model
done

train model
	preprocess
	train data size: 14326
	devel data size: 1361
	number of features: 600471
	number of states per clique set: [45, 4, 180, 180, 180, 2025, 16]
	states: ['START', 'STOP', 'JJ', 'NNS', 'VBP', 'VBN', 'IN', 'NN', '.', 'DT', 'CD', 'CC', 'TO', '-LRB-', '-RRB-', ',', 'PRP', 'WDT', 'VBZ', 'VBG', 'MD', 'VB', 'RB', 'WP$', 'WP', 'VBD', 'PRP$', 'JJS', 'JJR', 'WRB', 'FW', ':', 'EX', 'LS', 'NNP', '``', 'POS', 'RP', 'RBR', 'RBS', 'PDT', "''", 'NNPS', 'SYM', 'NN_http://transfac.gbf.de/dbsearch/funsitep/s']
	states: ['START', 'STOP', 'NP', 'O']
	number of parameters: 1579238730

	train

	graph structure: two-level-X-grid
	train algorithm: averaged generalized perceptron
	inference algorithm (train): piecewise-pseudo (factor-as-piece) inference
	inference algorithm (decoder): loopy belief propagation inference

	pass index 1, cpu time so far 430.4, (f+acc)/2 (devel) 89.88
	pass index 2, cpu time so far 844.0, (f+acc)/2 (devel) 90.34
	pass index 3, cpu time so far 1258.9, (f+acc)/2 (devel) 90.36
	pass index 4, cpu time so far 1673.1, (f+acc)/2 (devel) 90.45
	pass index 5, cpu time so far 2078.5, (f+acc)/2 (devel) 90.44

	number of passes: 5.0
	number of updates: 71631.0

	pre (devel): 81.37
	rec (devel): 83.45
	f (devel): 82.40
	acc (devel): 98.50

	devel cpu time: 849.4
	train cpu time: 2078.5

done


apply model

	test set size: 1360

	pre (test): 80.74
	rec (test): 82.37
	f (test): 81.55
	acc (test): 98.32

done

time consumed in total: 3363.0

