
options
	corpus: geniatb
	task: tagging-and-chunking-io
	graph: two-level-grid
	train algorithm: perceptron
	inference: factor-as-piece
	single pass: False
	train file: data/geniatb/geniatb.train
	devel file: data/geniatb/geniatb.devel
	devel prediction file: predictions/geniatb+tagging-and-chunking-io+perceptron+factor-as-piece.devel.prediction
	test file: data/geniatb/geniatb.test
	test prediction file: predictions/geniatb+tagging-and-chunking-io+perceptron+factor-as-piece.test.prediction
	test reference file: data/geniatb/geniatb.test.reference
	verbose: True

initialize model
done

train model
	preprocess
	train data size: 14326
	devel data size: 1361
	number of features: 561253
	number of states per clique set: [45, 4, 180, 2025, 16]
	states: ['START', 'STOP', 'JJ', 'NNS', 'VBP', 'VBN', 'IN', 'NN', '.', 'DT', 'CD', 'CC', 'TO', '-LRB-', '-RRB-', ',', 'PRP', 'WDT', 'VBZ', 'VBG', 'MD', 'VB', 'RB', 'WP$', 'WP', 'VBD', 'PRP$', 'JJS', 'JJR', 'WRB', 'FW', ':', 'EX', 'LS', 'NNP', '``', 'POS', 'RP', 'RBR', 'RBS', 'PDT', "''", 'NNPS', 'SYM', 'NN_http://transfac.gbf.de/dbsearch/funsitep/s']
	states: ['START', 'STOP', 'NP', 'O']
	number of parameters: 1274044310

	train

	graph structure: two-level-grid
	train algorithm: averaged generalized perceptron
	inference algorithm (train): piecewise (factor-as-piece) inference
	inference algorithm (decoder): loopy belief propagation inference

	pass index 1, cpu time so far 595.9, (f+acc)/2 (devel) 90.06
	pass index 2, cpu time so far 1186.4, (f+acc)/2 (devel) 90.43
	pass index 3, cpu time so far 1775.6, (f+acc)/2 (devel) 90.52
	pass index 4, cpu time so far 2362.0, (f+acc)/2 (devel) 90.54
	pass index 5, cpu time so far 2947.8, (f+acc)/2 (devel) 90.53

	number of passes: 5.0
	number of updates: 71631.0

	pre (devel): 81.51
	rec (devel): 83.38
	f (devel): 82.43
	acc (devel): 98.64

	devel cpu time: 470.5
	train cpu time: 2947.8

done


apply model

	test set size: 1360

	pre (test): 80.93
	rec (test): 82.50
	f (test): 81.71
	acc (test): 98.48

done

time consumed in total: 3692.07

