
options
	corpus: geniatb
	task: tagging-and-chunking-io
	graph: two-level-grid
	train algorithm: perceptron
	inference: factor-as-piece-pseudo
	single pass: False
	train file: data/geniatb/geniatb.train
	devel file: data/geniatb/geniatb.devel
	devel prediction file: predictions/geniatb+tagging-and-chunking-io+perceptron+factor-as-piece-pseudo.devel.prediction
	test file: data/geniatb/geniatb.test
	test prediction file: predictions/geniatb+tagging-and-chunking-io+perceptron+factor-as-piece-pseudo.test.prediction
	test reference file: data/geniatb/geniatb.test.reference
	verbose: True

initialize model
done

train model
	preprocess
	train data size: 14326
	devel data size: 1361
	number of features: 561253
	number of states per clique set: [45, 4, 180, 2025, 16]
	states: ['START', 'STOP', 'JJ', 'NNS', 'VBP', 'VBN', 'IN', 'NN', '.', 'DT', 'CD', 'CC', 'TO', '-LRB-', '-RRB-', ',', 'PRP', 'WDT', 'VBZ', 'VBG', 'MD', 'VB', 'RB', 'WP$', 'WP', 'VBD', 'PRP$', 'JJS', 'JJR', 'WRB', 'FW', ':', 'EX', 'LS', 'NNP', '``', 'POS', 'RP', 'RBR', 'RBS', 'PDT', "''", 'NNPS', 'SYM', 'NN_http://transfac.gbf.de/dbsearch/funsitep/s']
	states: ['START', 'STOP', 'NP', 'O']
	number of parameters: 1274044310

	train

	graph structure: two-level-grid
	train algorithm: averaged generalized perceptron
	inference algorithm (train): piecewise-pseudo (factor-as-piece) inference
	inference algorithm (decoder): loopy belief propagation inference

	pass index 1, cpu time so far 217.0, (f+acc)/2 (devel) 90.01
	pass index 2, cpu time so far 426.4, (f+acc)/2 (devel) 90.32
	pass index 3, cpu time so far 632.9, (f+acc)/2 (devel) 90.40
	pass index 4, cpu time so far 838.4, (f+acc)/2 (devel) 90.45
	pass index 5, cpu time so far 1042.9, (f+acc)/2 (devel) 90.46
	pass index 6, cpu time so far 1247.4, (f+acc)/2 (devel) 90.56
	pass index 7, cpu time so far 1451.4, (f+acc)/2 (devel) 90.60
	pass index 8, cpu time so far 1654.5, (f+acc)/2 (devel) 90.67
	pass index 9, cpu time so far 1857.6, (f+acc)/2 (devel) 90.69
	pass index 10, cpu time so far 2059.7, (f+acc)/2 (devel) 90.69
	pass index 11, cpu time so far 2261.7, (f+acc)/2 (devel) 90.73
	pass index 12, cpu time so far 2463.6, (f+acc)/2 (devel) 90.74
	pass index 13, cpu time so far 2666.4, (f+acc)/2 (devel) 90.76
	pass index 14, cpu time so far 2868.9, (f+acc)/2 (devel) 90.73

	number of passes: 14.0
	number of updates: 200565.0

	pre (devel): 82.14
	rec (devel): 83.58
	f (devel): 82.85
	acc (devel): 98.67

	devel cpu time: 1321.4
	train cpu time: 2868.9

done


apply model

	test set size: 1360

	pre (test): 81.17
	rec (test): 82.40
	f (test): 81.78
	acc (test): 98.48

done

time consumed in total: 4552.85

