
options
	corpus: geniatb
	task: tagging-and-chunking-io
	graph: two-level-grid
	train algorithm: perceptron
	inference: chain-as-piece-pseudo
	single pass: False
	train file: data/geniatb/geniatb.train
	devel file: data/geniatb/geniatb.devel
	devel prediction file: predictions/geniatb+tagging-and-chunking-io+perceptron+chain-as-piece-pseudo.devel.prediction
	test file: data/geniatb/geniatb.test
	test prediction file: predictions/geniatb+tagging-and-chunking-io+perceptron+chain-as-piece-pseudo.test.prediction
	test reference file: data/geniatb/geniatb.test.reference
	verbose: True

initialize model
done

train model
	preprocess
	train data size: 14326
	devel data size: 1361
	number of features: 561253
	number of states per clique set: [45, 4, 180, 2025, 16]
	states: ['START', 'STOP', 'JJ', 'NNS', 'VBP', 'VBN', 'IN', 'NN', '.', 'DT', 'CD', 'CC', 'TO', '-LRB-', '-RRB-', ',', 'PRP', 'WDT', 'VBZ', 'VBG', 'MD', 'VB', 'RB', 'WP$', 'WP', 'VBD', 'PRP$', 'JJS', 'JJR', 'WRB', 'FW', ':', 'EX', 'LS', 'NNP', '``', 'POS', 'RP', 'RBR', 'RBS', 'PDT', "''", 'NNPS', 'SYM', 'NN_http://transfac.gbf.de/dbsearch/funsitep/s']
	states: ['START', 'STOP', 'NP', 'O']
	number of parameters: 1274044310

	train

	graph structure: two-level-grid
	train algorithm: averaged generalized perceptron
	inference algorithm (train): piecewise-pseudo (chain-as-piece) inference
	inference algorithm (decoder): loopy belief propagation inference

	pass index 1, cpu time so far 234.7, (f+acc)/2 (devel) 90.08
	pass index 2, cpu time so far 468.3, (f+acc)/2 (devel) 90.40
	pass index 3, cpu time so far 690.4, (f+acc)/2 (devel) 90.56
	pass index 4, cpu time so far 920.6, (f+acc)/2 (devel) 90.57
	pass index 5, cpu time so far 1138.7, (f+acc)/2 (devel) 90.61
	pass index 6, cpu time so far 1356.5, (f+acc)/2 (devel) 90.63
	pass index 7, cpu time so far 1573.9, (f+acc)/2 (devel) 90.58

	number of passes: 7.0
	number of updates: 100283.0

	pre (devel): 82.09
	rec (devel): 83.22
	f (devel): 82.65
	acc (devel): 98.60

	devel cpu time: 675.4
	train cpu time: 1573.9

done


apply model

	test set size: 1360

	pre (test): 81.49
	rec (test): 82.49
	f (test): 81.99
	acc (test): 98.40

done

time consumed in total: 2547.56

