
options
	corpus: geniatb
	task: joint-tagging-and-chunking-io
	graph: first-order-chain
	train algorithm: perceptron
	inference: factor-as-piece
	single pass: False
	train file: data/geniatb/geniatb.train
	devel file: data/geniatb/geniatb.devel
	devel prediction file: predictions/geniatb+joint-tagging-and-chunking-io+perceptron+factor-as-piece.devel.prediction
	test file: data/geniatb/geniatb.test
	test prediction file: predictions/geniatb+joint-tagging-and-chunking-io+perceptron+factor-as-piece.test.prediction
	test reference file: data/geniatb/geniatb.test.reference
	verbose: True

initialize model
done

train model
	preprocess
	train data size: 14326
	devel data size: 1361
	number of features: 561253
	number of states per clique set: [82, 6724]
	states: ['START', 'STOP', 'START START', 'JJ NP', 'NNS NP', 'VBP O', 'VBN O', 'IN O', 'NN NP', '. O', 'STOP STOP', 'DT NP', 'JJ O', 'CD NP', 'CC O', 'TO O', 'DT O', '-LRB- O', '-RRB- O', ', O', 'PRP NP', 'NN O', 'WDT O', 'VBZ O', 'VBG O', 'MD O', 'VB O', 'VBN NP', 'NNS O', 'RB NP', 'RB O', 'WP$ O', 'WP O', 'VBD O', 'CC NP', 'CD O', 'PRP$ O', 'JJS O', ', NP', 'PRP$ NP', 'VBG NP', 'JJR NP', 'PRP O', 'WRB O', 'FW O', ': O', 'FW NP', 'EX NP', 'IN NP', 'JJS NP', 'LS O', 'JJR O', 'NNP NP', 'TO NP', '-LRB- NP', '-RRB- NP', '`` NP', 'POS NP', 'RP O', 'RBR O', 'RBS O', ': NP', 'PDT NP', 'POS O', "'' NP", 'VBD NP', 'RBS NP', 'RBR NP', 'VBZ NP', 'VBP NP', 'PDT O', '`` O', "'' O", 'VB NP', 'NNPS NP', 'LS NP', '. NP', 'WDT NP', 'SYM O', 'RP NP', 'WRB NP', 'NN_http://transfac.gbf.de/dbsearch/funsitep/s NP']
	number of parameters: 3819887918

	train

	graph structure: first-order-chain
	train algorithm: averaged generalized perceptron
	inference algorithm (train): piecewise (factor-as-piece) inference
	inference algorithm (decoder): exact inference

	pass index 1, cpu time so far 1909.2, (f+acc)/2 (devel) 90.39
	pass index 2, cpu time so far 3874.2, (f+acc)/2 (devel) 90.68
	pass index 3, cpu time so far 5853.8, (f+acc)/2 (devel) 90.73
	pass index 4, cpu time so far 7817.1, (f+acc)/2 (devel) 90.81
	pass index 5, cpu time so far 9785.4, (f+acc)/2 (devel) 90.84
	pass index 6, cpu time so far 11748.3, (f+acc)/2 (devel) 90.89
	pass index 7, cpu time so far 13706.2, (f+acc)/2 (devel) 90.91
	pass index 8, cpu time so far 15667.3, (f+acc)/2 (devel) 90.92
	pass index 9, cpu time so far 17628.8, (f+acc)/2 (devel) 90.92
	pass index 10, cpu time so far 19600.7, (f+acc)/2 (devel) 90.91

	number of passes: 10.0
	number of updates: 143261.0

	pre (devel): 82.67
	rec (devel): 83.71
	f (devel): 83.19
	acc (devel): 98.65

	devel cpu time: 1834.9
	train cpu time: 19600.7

done


apply model

	test set size: 1360

	pre (test): 81.75
	rec (test): 82.77
	f (test): 82.25
	acc (test): 98.36

done

time consumed in total: 22136.46

