
options
	corpus: geniatb
	task: tagging-and-chunking-io
	graph: two-level-X-grid
	train algorithm: perceptron
	inference: pseudo
	single pass: False
	train file: data/geniatb/geniatb.train
	devel file: data/geniatb/geniatb.devel
	devel prediction file: predictions/geniatb+tagging-and-chunking-io+perceptron+pseudo.devel.prediction
	test file: data/geniatb/geniatb.test
	test prediction file: predictions/geniatb+tagging-and-chunking-io+perceptron+pseudo.test.prediction
	test reference file: data/geniatb/geniatb.test.reference
	verbose: True

initialize model
done

train model
	preprocess
	train data size: 14326
	devel data size: 1361
	number of features: 600471
	number of states per clique set: [45, 4, 180, 180, 180, 2025, 16]
	states: ['START', 'STOP', 'JJ', 'NNS', 'VBP', 'VBN', 'IN', 'NN', '.', 'DT', 'CD', 'CC', 'TO', '-LRB-', '-RRB-', ',', 'PRP', 'WDT', 'VBZ', 'VBG', 'MD', 'VB', 'RB', 'WP$', 'WP', 'VBD', 'PRP$', 'JJS', 'JJR', 'WRB', 'FW', ':', 'EX', 'LS', 'NNP', '``', 'POS', 'RP', 'RBR', 'RBS', 'PDT', "''", 'NNPS', 'SYM', 'NN_http://transfac.gbf.de/dbsearch/funsitep/s']
	states: ['START', 'STOP', 'NP', 'O']
	number of parameters: 1579238730

	train

	graph structure: two-level-X-grid
	train algorithm: averaged generalized perceptron
	inference algorithm (train): pseudo inference
	inference algorithm (decoder): loopy belief propagation inference

	pass index 1, cpu time so far 398.0, (f+acc)/2 (devel) 84.13
	pass index 2, cpu time so far 808.8, (f+acc)/2 (devel) 85.76
	pass index 3, cpu time so far 1213.0, (f+acc)/2 (devel) 85.72

	number of passes: 3.0
	number of updates: 42979.0

	pre (devel): 77.02
	rec (devel): 72.99
	f (devel): 74.95
	acc (devel): 96.57

	devel cpu time: 2599.7
	train cpu time: 1213.0

done


apply model

	test set size: 1360

	pre (test): 75.96
	rec (test): 71.35
	f (test): 73.58
	acc (test): 96.16

done

time consumed in total: 4902.59

