
options
	corpus: geniatb
	task: tagging-and-chunking-io
	graph: two-level-X-grid
	train algorithm: perceptron
	inference: factor-as-piece
	single pass: False
	train file: data/geniatb/geniatb.train
	devel file: data/geniatb/geniatb.devel
	devel prediction file: predictions/geniatb+tagging-and-chunking-io+perceptron+factor-as-piece.devel.prediction
	test file: data/geniatb/geniatb.test
	test prediction file: predictions/geniatb+tagging-and-chunking-io+perceptron+factor-as-piece.test.prediction
	test reference file: data/geniatb/geniatb.test.reference
	verbose: True

initialize model
done

train model
	preprocess
	train data size: 14326
	devel data size: 1361
	number of features: 600471
	number of states per clique set: [45, 4, 180, 180, 180, 2025, 16]
	states: ['START', 'STOP', 'JJ', 'NNS', 'VBP', 'VBN', 'IN', 'NN', '.', 'DT', 'CD', 'CC', 'TO', '-LRB-', '-RRB-', ',', 'PRP', 'WDT', 'VBZ', 'VBG', 'MD', 'VB', 'RB', 'WP$', 'WP', 'VBD', 'PRP$', 'JJS', 'JJR', 'WRB', 'FW', ':', 'EX', 'LS', 'NNP', '``', 'POS', 'RP', 'RBR', 'RBS', 'PDT', "''", 'NNPS', 'SYM', 'NN_http://transfac.gbf.de/dbsearch/funsitep/s']
	states: ['START', 'STOP', 'NP', 'O']
	number of parameters: 1579238730

	train

	graph structure: two-level-X-grid
	train algorithm: averaged generalized perceptron
	inference algorithm (train): piecewise (factor-as-piece) inference
	inference algorithm (decoder): loopy belief propagation inference

	pass index 1, cpu time so far 800.2, (f+acc)/2 (devel) 89.86
	pass index 2, cpu time so far 1603.0, (f+acc)/2 (devel) 90.25
	pass index 3, cpu time so far 2401.6, (f+acc)/2 (devel) 90.36
	pass index 4, cpu time so far 3179.3, (f+acc)/2 (devel) 90.38
	pass index 5, cpu time so far 3971.7, (f+acc)/2 (devel) 90.41
	pass index 6, cpu time so far 4754.5, (f+acc)/2 (devel) 90.38

	number of passes: 6.0
	number of updates: 85957.0

	pre (devel): 81.22
	rec (devel): 83.24
	f (devel): 82.22
	acc (devel): 98.60

	devel cpu time: 849.5
	train cpu time: 4754.5

done


apply model

	test set size: 1360

	pre (test): 80.37
	rec (test): 82.20
	f (test): 81.27
	acc (test): 98.44

done

time consumed in total: 6031.84

