
options
	corpus: geniatb
	task: chunking-io
	graph: first-order-chain
	train algorithm: perceptron
	inference: exact
	single pass: False
	train file: data/geniatb/geniatb.train
	devel file: data/geniatb/geniatb.devel
	devel prediction file: predictions/geniatb+chunking-io+perceptron+exact.devel.prediction
	test file: data/geniatb/geniatb.test
	test prediction file: predictions/geniatb+chunking-io+perceptron+exact.test.prediction
	test reference file: data/geniatb/geniatb.test.reference
	verbose: True

initialize model
done

train model
	preprocess
	train data size: 14326
	devel data size: 1361
	number of features: 561253
	number of states per clique set: [4, 16]
	states: ['START', 'STOP', 'NP', 'O']
	number of parameters: 11225060

	train

	graph structure: first-order-chain
	train algorithm: averaged generalized perceptron
	inference algorithm (train): exact inference
	inference algorithm (decoder): exact inference

	pass index 1, cpu time so far 35.4, f (devel) 81.73
	pass index 2, cpu time so far 69.2, f (devel) 82.13
	pass index 3, cpu time so far 102.2, f (devel) 82.29
	pass index 4, cpu time so far 135.0, f (devel) 82.40
	pass index 5, cpu time so far 167.4, f (devel) 82.50
	pass index 6, cpu time so far 199.6, f (devel) 82.46

	number of passes: 6.0
	number of updates: 85957.0

	pre (devel): 81.91
	rec (devel): 83.10
	f (devel): 82.50

	devel cpu time: 19.5
	train cpu time: 199.6

done


apply model

	test set size: 1360

	pre (test): 80.67
	rec (test): 81.58
	f (test): 81.12

done

time consumed in total: 309.26

