
options
	corpus: geniatb
	task: tagging-and-chunking-io
	graph: two-level-grid
	train algorithm: perceptron
	inference: chain-as-piece
	single pass: False
	train file: data/geniatb/geniatb.train
	devel file: data/geniatb/geniatb.devel
	devel prediction file: predictions/geniatb+tagging-and-chunking-io+perceptron+chain-as-piece.devel.prediction
	test file: data/geniatb/geniatb.test
	test prediction file: predictions/geniatb+tagging-and-chunking-io+perceptron+chain-as-piece.test.prediction
	test reference file: data/geniatb/geniatb.test.reference
	verbose: True

initialize model
done

train model
	preprocess
	train data size: 14326
	devel data size: 1361
	number of features: 561253
	number of states per clique set: [45, 4, 180, 2025, 16]
	states: ['START', 'STOP', 'JJ', 'NNS', 'VBP', 'VBN', 'IN', 'NN', '.', 'DT', 'CD', 'CC', 'TO', '-LRB-', '-RRB-', ',', 'PRP', 'WDT', 'VBZ', 'VBG', 'MD', 'VB', 'RB', 'WP$', 'WP', 'VBD', 'PRP$', 'JJS', 'JJR', 'WRB', 'FW', ':', 'EX', 'LS', 'NNP', '``', 'POS', 'RP', 'RBR', 'RBS', 'PDT', "''", 'NNPS', 'SYM', 'NN_http://transfac.gbf.de/dbsearch/funsitep/s']
	states: ['START', 'STOP', 'NP', 'O']
	number of parameters: 1274044310

	train

	graph structure: two-level-grid
	train algorithm: averaged generalized perceptron
	inference algorithm (train): piecewise (chain-as-piece) inference
	inference algorithm (decoder): loopy belief propagation inference

	pass index 1, cpu time so far 606.9, (f+acc)/2 (devel) 90.23
	pass index 2, cpu time so far 1217.4, (f+acc)/2 (devel) 90.49
	pass index 3, cpu time so far 1825.2, (f+acc)/2 (devel) 90.54
	pass index 4, cpu time so far 2440.2, (f+acc)/2 (devel) 90.59
	pass index 5, cpu time so far 3052.1, (f+acc)/2 (devel) 90.61
	pass index 6, cpu time so far 3653.8, (f+acc)/2 (devel) 90.60

	number of passes: 6.0
	number of updates: 85957.0

	pre (devel): 81.81
	rec (devel): 83.34
	f (devel): 82.57
	acc (devel): 98.66

	devel cpu time: 566.6
	train cpu time: 3653.8

done


apply model

	test set size: 1360

	pre (test): 81.20
	rec (test): 82.46
	f (test): 81.83
	acc (test): 98.50

done

time consumed in total: 4507.87

