
options
	corpus: wsj
	task: tagging
	graph: first-order-chain
	train algorithm: perceptron
	inference: factor-as-piece-pseudo
	single pass: False
	train file: data/wsj/wsj.train
	devel file: data/wsj/wsj.devel
	devel prediction file: predictions/wsj+tagging+perceptron+factor-as-piece-pseudo.devel.prediction
	test file: data/wsj/wsj.test
	test prediction file: predictions/wsj+tagging+perceptron+factor-as-piece-pseudo.test.prediction
	test reference file: data/wsj/wsj.test.reference
	verbose: True

initialize model
done

train model
	preprocess
	train data size: 36298
	devel data size: 5527
	number of features: 1324587
	number of states per clique set: [47, 2209]
	states: ['START', 'STOP', 'IN', 'CD', 'NNS', ',', 'NNP', 'VBZ', 'VBN', 'JJ', 'DT', 'NN', ':', 'CC', '.', 'RB', 'MD', 'PRP', 'VB', 'RBR', 'VBG', 'POS', '$', 'PRP$', 'JJR', 'WDT', 'VBD', 'TO', '``', 'VBP', "''", 'RP', 'WP', 'EX', 'NNPS', 'WRB', 'JJS', '-LRB-', '-RRB-', 'RBS', 'FW', 'UH', 'WP$', 'PDT', '#', 'LS', 'SYM']
	number of parameters: 2988268272

	train

	graph structure: first-order-chain
	train algorithm: averaged generalized perceptron
	inference algorithm (train): piecewise-pseudo (factor-as-piece) inference
	inference algorithm (decoder): exact inference

	pass index 1, cpu time so far 245.1, acc (devel) 96.63
	pass index 2, cpu time so far 478.5, acc (devel) 96.88
	pass index 3, cpu time so far 708.7, acc (devel) 96.96
	pass index 4, cpu time so far 937.6, acc (devel) 96.97
	pass index 5, cpu time so far 1166.4, acc (devel) 96.98
	pass index 6, cpu time so far 1393.6, acc (devel) 96.97

	number of passes: 6.0
	number of updates: 217789.0

	acc (devel): 96.98

	devel cpu time: 1045.1
	train cpu time: 1393.6

done


apply model

	test set size: 5462

	acc (test): 97.09

done

time consumed in total: 2962.12

