
options
	corpus: wsj
	task: tagging
	graph: first-order-chain
	train algorithm: perceptron
	inference: pseudo
	single pass: False
	train file: data/wsj/wsj.train
	devel file: data/wsj/wsj.devel
	devel prediction file: predictions/wsj+tagging+perceptron+pseudo.devel.prediction
	test file: data/wsj/wsj.test
	test prediction file: predictions/wsj+tagging+perceptron+pseudo.test.prediction
	test reference file: data/wsj/wsj.test.reference
	verbose: True

initialize model
done

train model
	preprocess
	train data size: 36298
	devel data size: 5527
	number of features: 1324587
	number of states per clique set: [47, 2209]
	states: ['START', 'STOP', 'IN', 'CD', 'NNS', ',', 'NNP', 'VBZ', 'VBN', 'JJ', 'DT', 'NN', ':', 'CC', '.', 'RB', 'MD', 'PRP', 'VB', 'RBR', 'VBG', 'POS', '$', 'PRP$', 'JJR', 'WDT', 'VBD', 'TO', '``', 'VBP', "''", 'RP', 'WP', 'EX', 'NNPS', 'WRB', 'JJS', '-LRB-', '-RRB-', 'RBS', 'FW', 'UH', 'WP$', 'PDT', '#', 'LS', 'SYM']
	number of parameters: 2988268272

	train

	graph structure: first-order-chain
	train algorithm: averaged generalized perceptron
	inference algorithm (train): pseudo inference
	inference algorithm (decoder): exact inference

	pass index 1, cpu time so far 238.8, acc (devel) 96.52
	pass index 2, cpu time so far 476.9, acc (devel) 96.74
	pass index 3, cpu time so far 709.2, acc (devel) 96.82
	pass index 4, cpu time so far 948.0, acc (devel) 96.86
	pass index 5, cpu time so far 1186.1, acc (devel) 96.89
	pass index 6, cpu time so far 1423.8, acc (devel) 96.87

	number of passes: 6.0
	number of updates: 217789.0

	acc (devel): 96.89

	devel cpu time: 1140.7
	train cpu time: 1423.8

done


apply model

	test set size: 5462

	acc (test): 96.93

done

time consumed in total: 3118.87

